[0.000000] (-) TimerEvent: {}
[0.000344] (my_package) JobQueued: {'identifier': 'my_package', 'dependencies': OrderedDict()}
[0.000542] (turtlesim) JobQueued: {'identifier': 'turtlesim', 'dependencies': OrderedDict()}
[0.000599] (my_package) JobStarted: {'identifier': 'my_package'}
[0.099089] (-) TimerEvent: {}
[0.123327] (turtlesim) JobStarted: {'identifier': 'turtlesim'}
[0.199416] (-) TimerEvent: {}
[0.300389] (-) TimerEvent: {}
[0.400810] (-) TimerEvent: {}
[0.501253] (-) TimerEvent: {}
[0.601987] (-) TimerEvent: {}
[0.671467] (turtlesim) JobProgress: {'identifier': 'turtlesim', 'progress': 'cmake'}
[0.681073] (turtlesim) JobProgress: {'identifier': 'turtlesim', 'progress': 'build'}
[0.681516] (turtlesim) Command: {'cmd': ['/usr/bin/cmake', '--build', '/home/umut_ubuntu/ros2_ws/build/turtlesim', '--', '-j12', '-l12'], 'cwd': '/home/umut_ubuntu/ros2_ws/build/turtlesim', 'env': OrderedDict([('LESSOPEN', '| /usr/bin/lesspipe %s'), ('LANGUAGE', 'tr:en'), ('USER', 'umut_ubuntu'), ('LC_TIME', 'tr_TR.UTF-8'), ('XDG_SESSION_TYPE', 'wayland'), ('SHLVL', '1'), ('LD_LIBRARY_PATH', '/home/umut_ubuntu/ros2_ws/install/turtlesim/lib:/opt/ros/humble/opt/rviz_ogre_vendor/lib:/opt/ros/humble/lib/x86_64-linux-gnu:/opt/ros/humble/lib'), ('HOME', '/home/umut_ubuntu'), ('OLDPWD', '/home/umut_ubuntu'), ('DESKTOP_SESSION', 'ubuntu'), ('ROS_PYTHON_VERSION', '3'), ('GNOME_SHELL_SESSION_MODE', 'ubuntu'), ('GTK_MODULES', 'gail:atk-bridge'), ('LC_MONETARY', 'tr_TR.UTF-8'), ('SYSTEMD_EXEC_PID', '1881'), ('DBUS_SESSION_BUS_ADDRESS', 'unix:path=/run/user/1000/bus'), ('COLORTERM', 'truecolor'), ('IM_CONFIG_PHASE', '1'), ('WAYLAND_DISPLAY', 'wayland-0'), ('COLCON_PREFIX_PATH', '/home/umut_ubuntu/ros2_ws/install'), ('ROS_DISTRO', 'humble'), ('LOGNAME', 'umut_ubuntu'), ('_', '/usr/bin/colcon'), ('ROS_VERSION', '2'), ('XDG_SESSION_CLASS', 'user'), ('USERNAME', 'umut_ubuntu'), ('TERM', 'xterm-256color'), ('GNOME_DESKTOP_SESSION_ID', 'this-is-deprecated'), ('ROS_LOCALHOST_ONLY', '0'), ('PATH', '/opt/ros/humble/bin:/home/umut_ubuntu/.local/bin:/usr/local/sbin:/usr/local/bin:/usr/sbin:/usr/bin:/sbin:/bin:/usr/games:/usr/local/games:/snap/bin:/snap/bin'), ('SESSION_MANAGER', 'local/Umut-UbuntuPC:@/tmp/.ICE-unix/1645,unix/Umut-UbuntuPC:/tmp/.ICE-unix/1645'), ('PAPERSIZE', 'a4'), ('XDG_MENU_PREFIX', 'gnome-'), ('LC_ADDRESS', 'tr_TR.UTF-8'), ('GNOME_TERMINAL_SCREEN', '/org/gnome/Terminal/screen/3772846e_2f95_4f0f_897e_4cf272d572fb'), ('GNOME_SETUP_DISPLAY', ':1'), ('XDG_RUNTIME_DIR', '/run/user/1000'), ('DISPLAY', ':0'), ('LANG', 'tr_TR.UTF-8'), ('XDG_CURRENT_DESKTOP', 'ubuntu:GNOME'), ('LC_TELEPHONE', 'tr_TR.UTF-8'), ('XMODIFIERS', '@im=ibus'), ('XDG_SESSION_DESKTOP', 'ubuntu'), ('XAUTHORITY', '/run/user/1000/.mutter-Xwaylandauth.RHG5C2'), ('LS_COLORS', 'rs=0:di=01;34:ln=01;36:mh=00:pi=40;33:so=01;35:do=01;35:bd=40;33;01:cd=40;33;01:or=40;31;01:mi=00:su=37;41:sg=30;43:ca=30;41:tw=30;42:ow=34;42:st=37;44:ex=01;32:*.tar=01;31:*.tgz=01;31:*.arc=01;31:*.arj=01;31:*.taz=01;31:*.lha=01;31:*.lz4=01;31:*.lzh=01;31:*.lzma=01;31:*.tlz=01;31:*.txz=01;31:*.tzo=01;31:*.t7z=01;31:*.zip=01;31:*.z=01;31:*.dz=01;31:*.gz=01;31:*.lrz=01;31:*.lz=01;31:*.lzo=01;31:*.xz=01;31:*.zst=01;31:*.tzst=01;31:*.bz2=01;31:*.bz=01;31:*.tbz=01;31:*.tbz2=01;31:*.tz=01;31:*.deb=01;31:*.rpm=01;31:*.jar=01;31:*.war=01;31:*.ear=01;31:*.sar=01;31:*.rar=01;31:*.alz=01;31:*.ace=01;31:*.zoo=01;31:*.cpio=01;31:*.7z=01;31:*.rz=01;31:*.cab=01;31:*.wim=01;31:*.swm=01;31:*.dwm=01;31:*.esd=01;31:*.jpg=01;35:*.jpeg=01;35:*.mjpg=01;35:*.mjpeg=01;35:*.gif=01;35:*.bmp=01;35:*.pbm=01;35:*.pgm=01;35:*.ppm=01;35:*.tga=01;35:*.xbm=01;35:*.xpm=01;35:*.tif=01;35:*.tiff=01;35:*.png=01;35:*.svg=01;35:*.svgz=01;35:*.mng=01;35:*.pcx=01;35:*.mov=01;35:*.mpg=01;35:*.mpeg=01;35:*.m2v=01;35:*.mkv=01;35:*.webm=01;35:*.webp=01;35:*.ogm=01;35:*.mp4=01;35:*.m4v=01;35:*.mp4v=01;35:*.vob=01;35:*.qt=01;35:*.nuv=01;35:*.wmv=01;35:*.asf=01;35:*.rm=01;35:*.rmvb=01;35:*.flc=01;35:*.avi=01;35:*.fli=01;35:*.flv=01;35:*.gl=01;35:*.dl=01;35:*.xcf=01;35:*.xwd=01;35:*.yuv=01;35:*.cgm=01;35:*.emf=01;35:*.ogv=01;35:*.ogx=01;35:*.aac=00;36:*.au=00;36:*.flac=00;36:*.m4a=00;36:*.mid=00;36:*.midi=00;36:*.mka=00;36:*.mp3=00;36:*.mpc=00;36:*.ogg=00;36:*.ra=00;36:*.wav=00;36:*.oga=00;36:*.opus=00;36:*.spx=00;36:*.xspf=00;36:'), ('GNOME_TERMINAL_SERVICE', ':1.301'), ('SSH_AGENT_LAUNCHER', 'gnome-keyring'), ('SSH_AUTH_SOCK', '/run/user/1000/keyring/ssh'), ('AMENT_PREFIX_PATH', '/home/umut_ubuntu/ros2_ws/install/turtlesim:/home/umut_ubuntu/ros2_ws/install/my_package:/opt/ros/humble'), ('SHELL', '/bin/bash'), ('LC_NAME', 'tr_TR.UTF-8'), ('QT_ACCESSIBILITY', '1'), ('GDMSESSION', 'ubuntu'), ('LESSCLOSE', '/usr/bin/lesspipe %s %s'), ('LC_MEASUREMENT', 'tr_TR.UTF-8'), ('LC_IDENTIFICATION', 'tr_TR.UTF-8'), ('QT_IM_MODULE', 'ibus'), ('PWD', '/home/umut_ubuntu/ros2_ws/build/turtlesim'), ('LC_ALL', 'en_US.UTF-8'), ('XDG_CONFIG_DIRS', '/etc/xdg/xdg-ubuntu:/etc/xdg'), ('XDG_DATA_DIRS', '/usr/share/ubuntu:/usr/local/share/:/usr/share/:/var/lib/snapd/desktop'), ('PYTHONPATH', '/home/umut_ubuntu/ros2_ws/install/turtlesim/local/lib/python3.10/dist-packages:/home/umut_ubuntu/ros2_ws/install/my_package/lib/python3.10/site-packages:/opt/ros/humble/lib/python3.10/site-packages:/opt/ros/humble/local/lib/python3.10/dist-packages'), ('LC_NUMERIC', 'tr_TR.UTF-8'), ('LC_PAPER', 'tr_TR.UTF-8'), ('COLCON', '1'), ('VTE_VERSION', '6800'), ('CMAKE_PREFIX_PATH', '/home/umut_ubuntu/ros2_ws/install/turtlesim:/home/umut_ubuntu/ros2_ws/install/my_package:/opt/ros/humble')]), 'shell': False}
[0.702290] (-) TimerEvent: {}
[0.802673] (-) TimerEvent: {}
[0.820498] (turtlesim) StdoutLine: {'line': b'[ 10%] Built target turtlesim__rosidl_generator_c\n'}
[0.823021] (turtlesim) StdoutLine: {'line': b'[ 11%] Built target turtlesim__cpp\n'}
[0.848729] (turtlesim) StdoutLine: {'line': b'[ 11%] Built target ament_cmake_python_copy_turtlesim\n'}
[0.867270] (turtlesim) StdoutLine: {'line': b'[ 21%] Built target turtlesim__rosidl_typesupport_c\n'}
[0.867885] (turtlesim) StdoutLine: {'line': b'[ 38%] Built target turtlesim__rosidl_typesupport_introspection_c\n'}
[0.868205] (turtlesim) StdoutLine: {'line': b'[ 41%] Built target turtlesim__rosidl_typesupport_fastrtps_c\n'}
[0.871001] (turtlesim) StdoutLine: {'line': b'[ 51%] Built target turtlesim__rosidl_typesupport_cpp\n'}
[0.873369] (turtlesim) StdoutLine: {'line': b'[ 61%] Built target turtlesim__rosidl_typesupport_introspection_cpp\n'}
[0.878061] (turtlesim) StdoutLine: {'line': b'[ 71%] Built target turtlesim__rosidl_typesupport_fastrtps_cpp\n'}
[0.902796] (-) TimerEvent: {}
[0.916122] (turtlesim) StdoutLine: {'line': b'[ 73%] Built target turtle_teleop_key\n'}
[0.916804] (turtlesim) StdoutLine: {'line': b'[ 75%] Built target mimic\n'}
[0.917091] (turtlesim) StdoutLine: {'line': b'[ 77%] Built target draw_square\n'}
[0.920640] (turtlesim) StdoutLine: {'line': b'[ 77%] Built target turtlesim\n'}
[0.930343] (turtlesim) StdoutLine: {'line': b'[ 83%] Built target turtlesim_node\n'}
[0.957184] (turtlesim) StdoutLine: {'line': b'[ 84%] Built target turtlesim__py\n'}
[1.001614] (turtlesim) StdoutLine: {'line': b'[ 85%] \x1b[32mBuilding C object CMakeFiles/turtlesim__rosidl_generator_py.dir/rosidl_generator_py/turtlesim/msg/_color_s.c.o\x1b[0m\n'}
[1.002058] (turtlesim) StdoutLine: {'line': b'[ 86%] \x1b[32mBuilding C object CMakeFiles/turtlesim__rosidl_generator_py.dir/rosidl_generator_py/turtlesim/action/_rotate_absolute_s.c.o\x1b[0m\n'}
[1.002209] (turtlesim) StdoutLine: {'line': b'[ 87%] \x1b[32mBuilding C object CMakeFiles/turtlesim__rosidl_generator_py.dir/rosidl_generator_py/turtlesim/msg/_pose_s.c.o\x1b[0m\n'}
[1.002884] (-) TimerEvent: {}
[1.004230] (turtlesim) StdoutLine: {'line': b'[ 88%] \x1b[32mBuilding C object CMakeFiles/turtlesim__rosidl_generator_py.dir/rosidl_generator_py/turtlesim/srv/_kill_s.c.o\x1b[0m\n'}
[1.006260] (turtlesim) StdoutLine: {'line': b'[ 89%] \x1b[32mBuilding C object CMakeFiles/turtlesim__rosidl_generator_py.dir/rosidl_generator_py/turtlesim/srv/_spawn_s.c.o\x1b[0m\n'}
[1.006632] (turtlesim) StdoutLine: {'line': b'[ 90%] \x1b[32mBuilding C object CMakeFiles/turtlesim__rosidl_generator_py.dir/rosidl_generator_py/turtlesim/srv/_set_pen_s.c.o\x1b[0m\n'}
[1.006810] (turtlesim) StdoutLine: {'line': b'[ 91%] \x1b[32mBuilding C object CMakeFiles/turtlesim__rosidl_generator_py.dir/rosidl_generator_py/turtlesim/srv/_teleport_relative_s.c.o\x1b[0m\n'}
[1.007306] (turtlesim) StdoutLine: {'line': b'[ 92%] \x1b[32mBuilding C object CMakeFiles/turtlesim__rosidl_generator_py.dir/rosidl_generator_py/turtlesim/srv/_teleport_absolute_s.c.o\x1b[0m\n'}
[1.103049] (-) TimerEvent: {}
[1.139775] (turtlesim) StderrLine: {'line': b'\x1b[01m\x1b[K/home/umut_ubuntu/ros2_ws/build/turtlesim/rosidl_generator_py/turtlesim/srv/_teleport_relative_s.c:11:10:\x1b[m\x1b[K \x1b[01;31m\x1b[Kfatal error: \x1b[m\x1b[Knumpy/ndarrayobject.h: B\xc3\xb6yle bir dosya ya da dizin yok\n'}
[1.140109] (turtlesim) StderrLine: {'line': b'   11 | #include \x1b[01;31m\x1b[K"numpy/ndarrayobject.h"\x1b[m\x1b[K\n'}
[1.140267] (turtlesim) StderrLine: {'line': b'      |          \x1b[01;31m\x1b[K^~~~~~~~~~~~~~~~~~~~~~~\x1b[m\x1b[K\n'}
[1.140410] (turtlesim) StderrLine: {'line': b'compilation terminated.\n'}
[1.144712] (turtlesim) StderrLine: {'line': b'\x1b[01m\x1b[K/home/umut_ubuntu/ros2_ws/build/turtlesim/rosidl_generator_py/turtlesim/srv/_set_pen_s.c:11:10:\x1b[m\x1b[K \x1b[01;31m\x1b[Kfatal error: \x1b[m\x1b[Knumpy/ndarrayobject.h: B\xc3\xb6yle bir dosya ya da dizin yok\n'}
[1.144979] (turtlesim) StderrLine: {'line': b'   11 | #include \x1b[01;31m\x1b[K"numpy/ndarrayobject.h"\x1b[m\x1b[K\n'}
[1.145125] (turtlesim) StderrLine: {'line': b'      |          \x1b[01;31m\x1b[K^~~~~~~~~~~~~~~~~~~~~~~\x1b[m\x1b[K\n'}
[1.145266] (turtlesim) StderrLine: {'line': b'compilation terminated.\n'}
[1.146759] (turtlesim) StderrLine: {'line': b'gmake[2]: *** [CMakeFiles/turtlesim__rosidl_generator_py.dir/build.make:174: CMakeFiles/turtlesim__rosidl_generator_py.dir/rosidl_generator_py/turtlesim/srv/_teleport_relative_s.c.o] Error 1\n'}
[1.147042] (turtlesim) StderrLine: {'line': b'gmake[2]: *** Bitmemi\xc5\x9f i\xc5\x9fler i\xc3\xa7in bekliyor....\n'}
[1.149100] (turtlesim) StderrLine: {'line': b'gmake[2]: *** [CMakeFiles/turtlesim__rosidl_generator_py.dir/build.make:132: CMakeFiles/turtlesim__rosidl_generator_py.dir/rosidl_generator_py/turtlesim/srv/_set_pen_s.c.o] Error 1\n'}
[1.161050] (turtlesim) StderrLine: {'line': b'\x1b[01m\x1b[K/home/umut_ubuntu/ros2_ws/build/turtlesim/rosidl_generator_py/turtlesim/srv/_kill_s.c:11:10:\x1b[m\x1b[K \x1b[01;31m\x1b[Kfatal error: \x1b[m\x1b[Knumpy/ndarrayobject.h: B\xc3\xb6yle bir dosya ya da dizin yok\n'}
[1.161356] (turtlesim) StderrLine: {'line': b'   11 | #include \x1b[01;31m\x1b[K"numpy/ndarrayobject.h"\x1b[m\x1b[K\n'}
[1.161518] (turtlesim) StderrLine: {'line': b'      |          \x1b[01;31m\x1b[K^~~~~~~~~~~~~~~~~~~~~~~\x1b[m\x1b[K\n'}
[1.161661] (turtlesim) StderrLine: {'line': b'compilation terminated.\n'}
[1.162234] (turtlesim) StderrLine: {'line': b'\x1b[01m\x1b[K/home/umut_ubuntu/ros2_ws/build/turtlesim/rosidl_generator_py/turtlesim/msg/_color_s.c:11:10:\x1b[m\x1b[K \x1b[01;31m\x1b[Kfatal error: \x1b[m\x1b[Knumpy/ndarrayobject.h: B\xc3\xb6yle bir dosya ya da dizin yok\n'}
[1.162334] (turtlesim) StderrLine: {'line': b'   11 | #include \x1b[01;31m\x1b[K"numpy/ndarrayobject.h"\x1b[m\x1b[K\n'}
[1.162416] (turtlesim) StderrLine: {'line': b'      |          \x1b[01;31m\x1b[K^~~~~~~~~~~~~~~~~~~~~~~\x1b[m\x1b[K\n'}
[1.162547] (turtlesim) StderrLine: {'line': b'compilation terminated.\n'}
[1.164935] (turtlesim) StderrLine: {'line': b'gmake[2]: *** [CMakeFiles/turtlesim__rosidl_generator_py.dir/build.make:118: CMakeFiles/turtlesim__rosidl_generator_py.dir/rosidl_generator_py/turtlesim/srv/_kill_s.c.o] Error 1\n'}
[1.166880] (turtlesim) StderrLine: {'line': b'\x1b[01m\x1b[K/home/umut_ubuntu/ros2_ws/build/turtlesim/rosidl_generator_py/turtlesim/srv/_spawn_s.c:11:10:\x1b[m\x1b[K \x1b[01;31m\x1b[Kfatal error: \x1b[m\x1b[Knumpy/ndarrayobject.h: B\xc3\xb6yle bir dosya ya da dizin yok\n'}
[1.167117] (turtlesim) StderrLine: {'line': b'   11 | #include \x1b[01;31m\x1b[K"numpy/ndarrayobject.h"\x1b[m\x1b[K\n'}
[1.167210] (turtlesim) StderrLine: {'line': b'      |          \x1b[01;31m\x1b[K^~~~~~~~~~~~~~~~~~~~~~~\x1b[m\x1b[K\n'}
[1.167347] (turtlesim) StderrLine: {'line': b'compilation terminated.\n'}
[1.167462] (turtlesim) StderrLine: {'line': b'\x1b[01m\x1b[K/home/umut_ubuntu/ros2_ws/build/turtlesim/rosidl_generator_py/turtlesim/action/_rotate_absolute_s.c:11:10:\x1b[m\x1b[K \x1b[01;31m\x1b[Kfatal error: \x1b[m\x1b[Knumpy/ndarrayobject.h: B\xc3\xb6yle bir dosya ya da dizin yok\n'}
[1.167565] (turtlesim) StderrLine: {'line': b'   11 | #include \x1b[01;31m\x1b[K"numpy/ndarrayobject.h"\x1b[m\x1b[K\n'}
[1.167649] (turtlesim) StderrLine: {'line': b'      |          \x1b[01;31m\x1b[K^~~~~~~~~~~~~~~~~~~~~~~\x1b[m\x1b[K\n'}
[1.167732] (turtlesim) StderrLine: {'line': b'compilation terminated.\n'}
[1.167865] (turtlesim) StderrLine: {'line': b'gmake[2]: *** [CMakeFiles/turtlesim__rosidl_generator_py.dir/build.make:90: CMakeFiles/turtlesim__rosidl_generator_py.dir/rosidl_generator_py/turtlesim/msg/_color_s.c.o] Error 1\n'}
[1.168501] (turtlesim) StderrLine: {'line': b'\x1b[01m\x1b[K/home/umut_ubuntu/ros2_ws/build/turtlesim/rosidl_generator_py/turtlesim/srv/_teleport_absolute_s.c:11:10:\x1b[m\x1b[K \x1b[01;31m\x1b[Kfatal error: \x1b[m\x1b[Knumpy/ndarrayobject.h: B\xc3\xb6yle bir dosya ya da dizin yok\n'}
[1.168670] (turtlesim) StderrLine: {'line': b'   11 | #include \x1b[01;31m\x1b[K"numpy/ndarrayobject.h"\x1b[m\x1b[K\n'}
[1.168811] (turtlesim) StderrLine: {'line': b'      |          \x1b[01;31m\x1b[K^~~~~~~~~~~~~~~~~~~~~~~\x1b[m\x1b[K\n'}
[1.168911] (turtlesim) StderrLine: {'line': b'compilation terminated.\n'}
[1.169411] (turtlesim) StderrLine: {'line': b'\x1b[01m\x1b[K/home/umut_ubuntu/ros2_ws/build/turtlesim/rosidl_generator_py/turtlesim/msg/_pose_s.c:11:10:\x1b[m\x1b[K \x1b[01;31m\x1b[Kfatal error: \x1b[m\x1b[Knumpy/ndarrayobject.h: B\xc3\xb6yle bir dosya ya da dizin yok\n'}
[1.169513] (turtlesim) StderrLine: {'line': b'   11 | #include \x1b[01;31m\x1b[K"numpy/ndarrayobject.h"\x1b[m\x1b[K\n'}
[1.169605] (turtlesim) StderrLine: {'line': b'      |          \x1b[01;31m\x1b[K^~~~~~~~~~~~~~~~~~~~~~~\x1b[m\x1b[K\n'}
[1.169729] (turtlesim) StderrLine: {'line': b'compilation terminated.\n'}
[1.171857] (turtlesim) StderrLine: {'line': b'gmake[2]: *** [CMakeFiles/turtlesim__rosidl_generator_py.dir/build.make:76: CMakeFiles/turtlesim__rosidl_generator_py.dir/rosidl_generator_py/turtlesim/action/_rotate_absolute_s.c.o] Error 1\n'}
[1.172068] (turtlesim) StderrLine: {'line': b'gmake[2]: *** [CMakeFiles/turtlesim__rosidl_generator_py.dir/build.make:146: CMakeFiles/turtlesim__rosidl_generator_py.dir/rosidl_generator_py/turtlesim/srv/_spawn_s.c.o] Error 1\n'}
[1.173308] (turtlesim) StderrLine: {'line': b'gmake[2]: *** [CMakeFiles/turtlesim__rosidl_generator_py.dir/build.make:160: CMakeFiles/turtlesim__rosidl_generator_py.dir/rosidl_generator_py/turtlesim/srv/_teleport_absolute_s.c.o] Error 1\n'}
[1.174093] (turtlesim) StderrLine: {'line': b'gmake[2]: *** [CMakeFiles/turtlesim__rosidl_generator_py.dir/build.make:104: CMakeFiles/turtlesim__rosidl_generator_py.dir/rosidl_generator_py/turtlesim/msg/_pose_s.c.o] Error 1\n'}
[1.174659] (turtlesim) StderrLine: {'line': b'gmake[1]: *** [CMakeFiles/Makefile2:483: CMakeFiles/turtlesim__rosidl_generator_py.dir/all] Error 2\n'}
[1.174790] (turtlesim) StderrLine: {'line': b'gmake[1]: *** Bitmemi\xc5\x9f i\xc5\x9fler i\xc3\xa7in bekliyor....\n'}
[1.203334] (-) TimerEvent: {}
[1.226992] (turtlesim) StdoutLine: {'line': b'running egg_info\n'}
[1.227845] (turtlesim) StdoutLine: {'line': b'writing turtlesim.egg-info/PKG-INFO\n'}
[1.228316] (turtlesim) StdoutLine: {'line': b'writing dependency_links to turtlesim.egg-info/dependency_links.txt\n'}
[1.228621] (turtlesim) StdoutLine: {'line': b'writing top-level names to turtlesim.egg-info/top_level.txt\n'}
[1.232299] (turtlesim) StdoutLine: {'line': b"reading manifest file 'turtlesim.egg-info/SOURCES.txt'\n"}
[1.233309] (turtlesim) StdoutLine: {'line': b"writing manifest file 'turtlesim.egg-info/SOURCES.txt'\n"}
[1.254364] (my_package) Command: {'cmd': ['/usr/bin/python3', 'setup.py', 'egg_info', '--egg-base', '../../build/my_package', 'build', '--build-base', '/home/umut_ubuntu/ros2_ws/build/my_package/build', 'install', '--record', '/home/umut_ubuntu/ros2_ws/build/my_package/install.log', '--single-version-externally-managed'], 'cwd': '/home/umut_ubuntu/ros2_ws/src/my_package', 'env': {'LESSOPEN': '| /usr/bin/lesspipe %s', 'LANGUAGE': 'tr:en', 'USER': 'umut_ubuntu', 'LC_TIME': 'tr_TR.UTF-8', 'XDG_SESSION_TYPE': 'wayland', 'SHLVL': '1', 'LD_LIBRARY_PATH': '/home/umut_ubuntu/ros2_ws/install/turtlesim/lib:/opt/ros/humble/opt/rviz_ogre_vendor/lib:/opt/ros/humble/lib/x86_64-linux-gnu:/opt/ros/humble/lib', 'HOME': '/home/umut_ubuntu', 'OLDPWD': '/home/umut_ubuntu', 'DESKTOP_SESSION': 'ubuntu', 'ROS_PYTHON_VERSION': '3', 'GNOME_SHELL_SESSION_MODE': 'ubuntu', 'GTK_MODULES': 'gail:atk-bridge', 'LC_MONETARY': 'tr_TR.UTF-8', 'SYSTEMD_EXEC_PID': '1881', 'DBUS_SESSION_BUS_ADDRESS': 'unix:path=/run/user/1000/bus', 'COLORTERM': 'truecolor', 'IM_CONFIG_PHASE': '1', 'WAYLAND_DISPLAY': 'wayland-0', 'COLCON_PREFIX_PATH': '/home/umut_ubuntu/ros2_ws/install', 'ROS_DISTRO': 'humble', 'LOGNAME': 'umut_ubuntu', '_': '/usr/bin/colcon', 'ROS_VERSION': '2', 'XDG_SESSION_CLASS': 'user', 'USERNAME': 'umut_ubuntu', 'TERM': 'xterm-256color', 'GNOME_DESKTOP_SESSION_ID': 'this-is-deprecated', 'ROS_LOCALHOST_ONLY': '0', 'PATH': '/opt/ros/humble/bin:/home/umut_ubuntu/.local/bin:/usr/local/sbin:/usr/local/bin:/usr/sbin:/usr/bin:/sbin:/bin:/usr/games:/usr/local/games:/snap/bin:/snap/bin', 'SESSION_MANAGER': 'local/Umut-UbuntuPC:@/tmp/.ICE-unix/1645,unix/Umut-UbuntuPC:/tmp/.ICE-unix/1645', 'PAPERSIZE': 'a4', 'XDG_MENU_PREFIX': 'gnome-', 'LC_ADDRESS': 'tr_TR.UTF-8', 'GNOME_TERMINAL_SCREEN': '/org/gnome/Terminal/screen/3772846e_2f95_4f0f_897e_4cf272d572fb', 'GNOME_SETUP_DISPLAY': ':1', 'XDG_RUNTIME_DIR': '/run/user/1000', 'DISPLAY': ':0', 'LANG': 'tr_TR.UTF-8', 'XDG_CURRENT_DESKTOP': 'ubuntu:GNOME', 'LC_TELEPHONE': 'tr_TR.UTF-8', 'XMODIFIERS': '@im=ibus', 'XDG_SESSION_DESKTOP': 'ubuntu', 'XAUTHORITY': '/run/user/1000/.mutter-Xwaylandauth.RHG5C2', 'LS_COLORS': 'rs=0:di=01;34:ln=01;36:mh=00:pi=40;33:so=01;35:do=01;35:bd=40;33;01:cd=40;33;01:or=40;31;01:mi=00:su=37;41:sg=30;43:ca=30;41:tw=30;42:ow=34;42:st=37;44:ex=01;32:*.tar=01;31:*.tgz=01;31:*.arc=01;31:*.arj=01;31:*.taz=01;31:*.lha=01;31:*.lz4=01;31:*.lzh=01;31:*.lzma=01;31:*.tlz=01;31:*.txz=01;31:*.tzo=01;31:*.t7z=01;31:*.zip=01;31:*.z=01;31:*.dz=01;31:*.gz=01;31:*.lrz=01;31:*.lz=01;31:*.lzo=01;31:*.xz=01;31:*.zst=01;31:*.tzst=01;31:*.bz2=01;31:*.bz=01;31:*.tbz=01;31:*.tbz2=01;31:*.tz=01;31:*.deb=01;31:*.rpm=01;31:*.jar=01;31:*.war=01;31:*.ear=01;31:*.sar=01;31:*.rar=01;31:*.alz=01;31:*.ace=01;31:*.zoo=01;31:*.cpio=01;31:*.7z=01;31:*.rz=01;31:*.cab=01;31:*.wim=01;31:*.swm=01;31:*.dwm=01;31:*.esd=01;31:*.jpg=01;35:*.jpeg=01;35:*.mjpg=01;35:*.mjpeg=01;35:*.gif=01;35:*.bmp=01;35:*.pbm=01;35:*.pgm=01;35:*.ppm=01;35:*.tga=01;35:*.xbm=01;35:*.xpm=01;35:*.tif=01;35:*.tiff=01;35:*.png=01;35:*.svg=01;35:*.svgz=01;35:*.mng=01;35:*.pcx=01;35:*.mov=01;35:*.mpg=01;35:*.mpeg=01;35:*.m2v=01;35:*.mkv=01;35:*.webm=01;35:*.webp=01;35:*.ogm=01;35:*.mp4=01;35:*.m4v=01;35:*.mp4v=01;35:*.vob=01;35:*.qt=01;35:*.nuv=01;35:*.wmv=01;35:*.asf=01;35:*.rm=01;35:*.rmvb=01;35:*.flc=01;35:*.avi=01;35:*.fli=01;35:*.flv=01;35:*.gl=01;35:*.dl=01;35:*.xcf=01;35:*.xwd=01;35:*.yuv=01;35:*.cgm=01;35:*.emf=01;35:*.ogv=01;35:*.ogx=01;35:*.aac=00;36:*.au=00;36:*.flac=00;36:*.m4a=00;36:*.mid=00;36:*.midi=00;36:*.mka=00;36:*.mp3=00;36:*.mpc=00;36:*.ogg=00;36:*.ra=00;36:*.wav=00;36:*.oga=00;36:*.opus=00;36:*.spx=00;36:*.xspf=00;36:', 'GNOME_TERMINAL_SERVICE': ':1.301', 'SSH_AGENT_LAUNCHER': 'gnome-keyring', 'SSH_AUTH_SOCK': '/run/user/1000/keyring/ssh', 'AMENT_PREFIX_PATH': '/home/umut_ubuntu/ros2_ws/install/turtlesim:/home/umut_ubuntu/ros2_ws/install/my_package:/opt/ros/humble', 'SHELL': '/bin/bash', 'LC_NAME': 'tr_TR.UTF-8', 'QT_ACCESSIBILITY': '1', 'GDMSESSION': 'ubuntu', 'LESSCLOSE': '/usr/bin/lesspipe %s %s', 'LC_MEASUREMENT': 'tr_TR.UTF-8', 'LC_IDENTIFICATION': 'tr_TR.UTF-8', 'QT_IM_MODULE': 'ibus', 'PWD': '/home/umut_ubuntu/ros2_ws/build/my_package', 'LC_ALL': 'en_US.UTF-8', 'XDG_CONFIG_DIRS': '/etc/xdg/xdg-ubuntu:/etc/xdg', 'XDG_DATA_DIRS': '/usr/share/ubuntu:/usr/local/share/:/usr/share/:/var/lib/snapd/desktop', 'PYTHONPATH': '/home/umut_ubuntu/ros2_ws/build/my_package/prefix_override:/home/umut_ubuntu/ros2_ws/install/my_package/lib/python3.10/site-packages:/home/umut_ubuntu/ros2_ws/install/turtlesim/local/lib/python3.10/dist-packages:/home/umut_ubuntu/ros2_ws/install/my_package/lib/python3.10/site-packages:/opt/ros/humble/lib/python3.10/site-packages:/opt/ros/humble/local/lib/python3.10/dist-packages', 'LC_NUMERIC': 'tr_TR.UTF-8', 'LC_PAPER': 'tr_TR.UTF-8', 'COLCON': '1', 'VTE_VERSION': '6800', 'CMAKE_PREFIX_PATH': '/home/umut_ubuntu/ros2_ws/install/turtlesim'}, 'shell': False}
[1.279129] (turtlesim) StdoutLine: {'line': b'[ 92%] Built target ament_cmake_python_build_turtlesim_egg\n'}
[1.282108] (turtlesim) StderrLine: {'line': b'gmake: *** [Makefile:146: all] Error 2\n'}
[1.287805] (turtlesim) CommandEnded: {'returncode': 2}
[1.303497] (-) TimerEvent: {}
[1.403927] (-) TimerEvent: {}
[1.504371] (-) TimerEvent: {}
[1.587769] (my_package) StdoutLine: {'line': b'running egg_info\n'}
[1.588740] (my_package) StdoutLine: {'line': b'writing ../../build/my_package/my_package.egg-info/PKG-INFO\n'}
[1.589008] (my_package) StdoutLine: {'line': b'writing dependency_links to ../../build/my_package/my_package.egg-info/dependency_links.txt\n'}
[1.589475] (my_package) StdoutLine: {'line': b'writing entry points to ../../build/my_package/my_package.egg-info/entry_points.txt\n'}
[1.589639] (my_package) StdoutLine: {'line': b'writing requirements to ../../build/my_package/my_package.egg-info/requires.txt\n'}
[1.589785] (my_package) StdoutLine: {'line': b'writing top-level names to ../../build/my_package/my_package.egg-info/top_level.txt\n'}
[1.591616] (my_package) StdoutLine: {'line': b"reading manifest file '../../build/my_package/my_package.egg-info/SOURCES.txt'\n"}
[1.592661] (my_package) StdoutLine: {'line': b"writing manifest file '../../build/my_package/my_package.egg-info/SOURCES.txt'\n"}
[1.593032] (my_package) StdoutLine: {'line': b'running build\n'}
[1.593208] (my_package) StdoutLine: {'line': b'running build_py\n'}
[1.593365] (my_package) StdoutLine: {'line': b'copying my_package/my_node.py -> /home/umut_ubuntu/ros2_ws/build/my_package/build/lib/my_package\n'}
[1.593910] (my_package) StderrLine: {'line': b'/usr/lib/python3/dist-packages/setuptools/command/install.py:34: SetuptoolsDeprecationWarning: setup.py install is deprecated. Use build and pip and other standards-based tools.\n'}
[1.594168] (my_package) StderrLine: {'line': b'  warnings.warn(\n'}
[1.594326] (my_package) StdoutLine: {'line': b'running install\n'}
[1.594476] (my_package) StdoutLine: {'line': b'running install_lib\n'}
[1.595888] (my_package) StdoutLine: {'line': b'copying /home/umut_ubuntu/ros2_ws/build/my_package/build/lib/my_package/my_node.py -> /home/umut_ubuntu/ros2_ws/install/my_package/lib/python3.10/site-packages/my_package\n'}
[1.596692] (my_package) StdoutLine: {'line': b'byte-compiling /home/umut_ubuntu/ros2_ws/install/my_package/lib/python3.10/site-packages/my_package/my_node.py to my_node.cpython-310.pyc\n'}
[1.597089] (my_package) StdoutLine: {'line': b'running install_data\n'}
[1.597881] (my_package) StdoutLine: {'line': b'running install_egg_info\n'}
[1.599748] (my_package) StdoutLine: {'line': b"removing '/home/umut_ubuntu/ros2_ws/install/my_package/lib/python3.10/site-packages/my_package-0.0.0-py3.10.egg-info' (and everything under it)\n"}
[1.600302] (my_package) StdoutLine: {'line': b'Copying ../../build/my_package/my_package.egg-info to /home/umut_ubuntu/ros2_ws/install/my_package/lib/python3.10/site-packages/my_package-0.0.0-py3.10.egg-info\n'}
[1.601515] (my_package) StdoutLine: {'line': b'running install_scripts\n'}
[1.604479] (-) TimerEvent: {}
[1.627464] (my_package) StdoutLine: {'line': b'Installing my_node script to /home/umut_ubuntu/ros2_ws/install/my_package/lib/my_package\n'}
[1.627840] (my_package) StdoutLine: {'line': b"writing list of installed files to '/home/umut_ubuntu/ros2_ws/build/my_package/install.log'\n"}
[1.664193] (my_package) CommandEnded: {'returncode': 0}
[1.704865] (-) TimerEvent: {}
[1.777803] (my_package) JobEnded: {'identifier': 'my_package', 'rc': 0}
[1.805067] (-) TimerEvent: {}
[1.905634] (-) TimerEvent: {}
[1.921637] (turtlesim) JobEnded: {'identifier': 'turtlesim', 'rc': 2}
[1.932741] (-) EventReactorShutdown: {}
