[0.560s] Invoking command in '/home/umut_ubuntu/ros2_ws/build/turtlesim': CMAKE_PREFIX_PATH=${CMAKE_PREFIX_PATH}:/home/umut_ubuntu/ros2_ws/install/my_package:/opt/ros/humble /usr/bin/cmake --build /home/umut_ubuntu/ros2_ws/build/turtlesim -- -j12 -l12
[0.697s] [ 10%] Built target turtlesim__rosidl_generator_c
[0.699s] [ 11%] Built target turtlesim__cpp
[0.725s] [ 11%] Built target ament_cmake_python_copy_turtlesim
[0.744s] [ 21%] Built target turtlesim__rosidl_typesupport_c
[0.744s] [ 38%] Built target turtlesim__rosidl_typesupport_introspection_c
[0.745s] [ 41%] Built target turtlesim__rosidl_typesupport_fastrtps_c
[0.747s] [ 51%] Built target turtlesim__rosidl_typesupport_cpp
[0.750s] [ 61%] Built target turtlesim__rosidl_typesupport_introspection_cpp
[0.754s] [ 71%] Built target turtlesim__rosidl_typesupport_fastrtps_cpp
[0.793s] [ 73%] Built target turtle_teleop_key
[0.793s] [ 75%] Built target mimic
[0.793s] [ 77%] Built target draw_square
[0.797s] [ 77%] Built target turtlesim
[0.807s] [ 83%] Built target turtlesim_node
[0.834s] [ 84%] Built target turtlesim__py
[0.878s] [ 85%] [32mBuilding C object CMakeFiles/turtlesim__rosidl_generator_py.dir/rosidl_generator_py/turtlesim/msg/_color_s.c.o[0m
[0.878s] [ 86%] [32mBuilding C object CMakeFiles/turtlesim__rosidl_generator_py.dir/rosidl_generator_py/turtlesim/action/_rotate_absolute_s.c.o[0m
[0.879s] [ 87%] [32mBuilding C object CMakeFiles/turtlesim__rosidl_generator_py.dir/rosidl_generator_py/turtlesim/msg/_pose_s.c.o[0m
[0.881s] [ 88%] [32mBuilding C object CMakeFiles/turtlesim__rosidl_generator_py.dir/rosidl_generator_py/turtlesim/srv/_kill_s.c.o[0m
[0.883s] [ 89%] [32mBuilding C object CMakeFiles/turtlesim__rosidl_generator_py.dir/rosidl_generator_py/turtlesim/srv/_spawn_s.c.o[0m
[0.883s] [ 90%] [32mBuilding C object CMakeFiles/turtlesim__rosidl_generator_py.dir/rosidl_generator_py/turtlesim/srv/_set_pen_s.c.o[0m
[0.883s] [ 91%] [32mBuilding C object CMakeFiles/turtlesim__rosidl_generator_py.dir/rosidl_generator_py/turtlesim/srv/_teleport_relative_s.c.o[0m
[0.884s] [ 92%] [32mBuilding C object CMakeFiles/turtlesim__rosidl_generator_py.dir/rosidl_generator_py/turtlesim/srv/_teleport_absolute_s.c.o[0m
[1.016s] [01m[K/home/umut_ubuntu/ros2_ws/build/turtlesim/rosidl_generator_py/turtlesim/srv/_teleport_relative_s.c:11:10:[m[K [01;31m[Kfatal error: [m[Knumpy/ndarrayobject.h: B√∂yle bir dosya ya da dizin yok
[1.016s]    11 | #include [01;31m[K"numpy/ndarrayobject.h"[m[K
[1.017s]       |          [01;31m[K^~~~~~~~~~~~~~~~~~~~~~~[m[K
[1.017s] compilation terminated.
[1.021s] [01m[K/home/umut_ubuntu/ros2_ws/build/turtlesim/rosidl_generator_py/turtlesim/srv/_set_pen_s.c:11:10:[m[K [01;31m[Kfatal error: [m[Knumpy/ndarrayobject.h: B√∂yle bir dosya ya da dizin yok
[1.021s]    11 | #include [01;31m[K"numpy/ndarrayobject.h"[m[K
[1.021s]       |          [01;31m[K^~~~~~~~~~~~~~~~~~~~~~~[m[K
[1.022s] compilation terminated.
[1.023s] gmake[2]: *** [CMakeFiles/turtlesim__rosidl_generator_py.dir/build.make:174: CMakeFiles/turtlesim__rosidl_generator_py.dir/rosidl_generator_py/turtlesim/srv/_teleport_relative_s.c.o] Error 1
[1.023s] gmake[2]: *** Bitmemi≈ü i≈üler i√ßin bekliyor....
[1.026s] gmake[2]: *** [CMakeFiles/turtlesim__rosidl_generator_py.dir/build.make:132: CMakeFiles/turtlesim__rosidl_generator_py.dir/rosidl_generator_py/turtlesim/srv/_set_pen_s.c.o] Error 1
[1.038s] [01m[K/home/umut_ubuntu/ros2_ws/build/turtlesim/rosidl_generator_py/turtlesim/srv/_kill_s.c:11:10:[m[K [01;31m[Kfatal error: [m[Knumpy/ndarrayobject.h: B√∂yle bir dosya ya da dizin yok
[1.038s]    11 | #include [01;31m[K"numpy/ndarrayobject.h"[m[K
[1.038s]       |          [01;31m[K^~~~~~~~~~~~~~~~~~~~~~~[m[K
[1.038s] compilation terminated.
[1.039s] [01m[K/home/umut_ubuntu/ros2_ws/build/turtlesim/rosidl_generator_py/turtlesim/msg/_color_s.c:11:10:[m[K [01;31m[Kfatal error: [m[Knumpy/ndarrayobject.h: B√∂yle bir dosya ya da dizin yok
[1.039s]    11 | #include [01;31m[K"numpy/ndarrayobject.h"[m[K
[1.039s]       |          [01;31m[K^~~~~~~~~~~~~~~~~~~~~~~[m[K
[1.039s] compilation terminated.
[1.041s] gmake[2]: *** [CMakeFiles/turtlesim__rosidl_generator_py.dir/build.make:118: CMakeFiles/turtlesim__rosidl_generator_py.dir/rosidl_generator_py/turtlesim/srv/_kill_s.c.o] Error 1
[1.043s] [01m[K/home/umut_ubuntu/ros2_ws/build/turtlesim/rosidl_generator_py/turtlesim/srv/_spawn_s.c:11:10:[m[K [01;31m[Kfatal error: [m[Knumpy/ndarrayobject.h: B√∂yle bir dosya ya da dizin yok
[1.043s]    11 | #include [01;31m[K"numpy/ndarrayobject.h"[m[K
[1.044s]       |          [01;31m[K^~~~~~~~~~~~~~~~~~~~~~~[m[K
[1.044s] compilation terminated.
[1.044s] [01m[K/home/umut_ubuntu/ros2_ws/build/turtlesim/rosidl_generator_py/turtlesim/action/_rotate_absolute_s.c:11:10:[m[K [01;31m[Kfatal error: [m[Knumpy/ndarrayobject.h: B√∂yle bir dosya ya da dizin yok
[1.044s]    11 | #include [01;31m[K"numpy/ndarrayobject.h"[m[K
[1.044s]       |          [01;31m[K^~~~~~~~~~~~~~~~~~~~~~~[m[K
[1.044s] compilation terminated.
[1.044s] gmake[2]: *** [CMakeFiles/turtlesim__rosidl_generator_py.dir/build.make:90: CMakeFiles/turtlesim__rosidl_generator_py.dir/rosidl_generator_py/turtlesim/msg/_color_s.c.o] Error 1
[1.045s] [01m[K/home/umut_ubuntu/ros2_ws/build/turtlesim/rosidl_generator_py/turtlesim/srv/_teleport_absolute_s.c:11:10:[m[K [01;31m[Kfatal error: [m[Knumpy/ndarrayobject.h: B√∂yle bir dosya ya da dizin yok
[1.045s]    11 | #include [01;31m[K"numpy/ndarrayobject.h"[m[K
[1.045s]       |          [01;31m[K^~~~~~~~~~~~~~~~~~~~~~~[m[K
[1.045s] compilation terminated.
[1.046s] [01m[K/home/umut_ubuntu/ros2_ws/build/turtlesim/rosidl_generator_py/turtlesim/msg/_pose_s.c:11:10:[m[K [01;31m[Kfatal error: [m[Knumpy/ndarrayobject.h: B√∂yle bir dosya ya da dizin yok
[1.046s]    11 | #include [01;31m[K"numpy/ndarrayobject.h"[m[K
[1.046s]       |          [01;31m[K^~~~~~~~~~~~~~~~~~~~~~~[m[K
[1.046s] compilation terminated.
[1.048s] gmake[2]: *** [CMakeFiles/turtlesim__rosidl_generator_py.dir/build.make:76: CMakeFiles/turtlesim__rosidl_generator_py.dir/rosidl_generator_py/turtlesim/action/_rotate_absolute_s.c.o] Error 1
[1.048s] gmake[2]: *** [CMakeFiles/turtlesim__rosidl_generator_py.dir/build.make:146: CMakeFiles/turtlesim__rosidl_generator_py.dir/rosidl_generator_py/turtlesim/srv/_spawn_s.c.o] Error 1
[1.050s] gmake[2]: *** [CMakeFiles/turtlesim__rosidl_generator_py.dir/build.make:160: CMakeFiles/turtlesim__rosidl_generator_py.dir/rosidl_generator_py/turtlesim/srv/_teleport_absolute_s.c.o] Error 1
[1.050s] gmake[2]: *** [CMakeFiles/turtlesim__rosidl_generator_py.dir/build.make:104: CMakeFiles/turtlesim__rosidl_generator_py.dir/rosidl_generator_py/turtlesim/msg/_pose_s.c.o] Error 1
[1.051s] gmake[1]: *** [CMakeFiles/Makefile2:483: CMakeFiles/turtlesim__rosidl_generator_py.dir/all] Error 2
[1.051s] gmake[1]: *** Bitmemi≈ü i≈üler i√ßin bekliyor....
[1.103s] running egg_info
[1.104s] writing turtlesim.egg-info/PKG-INFO
[1.105s] writing dependency_links to turtlesim.egg-info/dependency_links.txt
[1.105s] writing top-level names to turtlesim.egg-info/top_level.txt
[1.109s] reading manifest file 'turtlesim.egg-info/SOURCES.txt'
[1.110s] writing manifest file 'turtlesim.egg-info/SOURCES.txt'
[1.156s] [ 92%] Built target ament_cmake_python_build_turtlesim_egg
[1.158s] gmake: *** [Makefile:146: all] Error 2
[1.164s] Invoked command in '/home/umut_ubuntu/ros2_ws/build/turtlesim' returned '2': CMAKE_PREFIX_PATH=${CMAKE_PREFIX_PATH}:/home/umut_ubuntu/ros2_ws/install/my_package:/opt/ros/humble /usr/bin/cmake --build /home/umut_ubuntu/ros2_ws/build/turtlesim -- -j12 -l12
