[1.506s] Invoking command in '/home/umut_ubuntu/ros2_ws/build/turtlesim': CMAKE_PREFIX_PATH=/opt/ros/humble /usr/bin/cmake --build /home/umut_ubuntu/ros2_ws/build/turtlesim -- -j12 -l12
[1.607s] [  1%] Built target turtlesim__cpp
[1.615s] [ 11%] Built target turtlesim__rosidl_generator_c
[1.631s] [ 11%] Built target ament_cmake_python_copy_turtlesim
[1.664s] [ 21%] Built target turtlesim__rosidl_typesupport_cpp
[1.666s] [ 31%] Built target turtlesim__rosidl_typesupport_introspection_cpp
[1.670s] [ 54%] Built target turtlesim__rosidl_typesupport_c
[1.670s] [ 58%] Built target turtlesim__rosidl_typesupport_fastrtps_cpp
[1.675s] [ 61%] Built target turtlesim__rosidl_typesupport_introspection_c
[1.681s] [ 71%] Built target turtlesim__rosidl_typesupport_fastrtps_c
[1.729s] [ 73%] Built target turtle_teleop_key
[1.730s] [ 73%] Built target turtlesim
[1.735s] [ 75%] Built target mimic
[1.738s] [ 81%] Built target turtlesim_node
[1.743s] [ 83%] Built target draw_square
[1.785s] [ 84%] Built target turtlesim__py
[1.831s] [ 85%] [32mBuilding C object CMakeFiles/turtlesim__rosidl_generator_py.dir/rosidl_generator_py/turtlesim/action/_rotate_absolute_s.c.o[0m
[1.831s] [ 86%] [32mBuilding C object CMakeFiles/turtlesim__rosidl_generator_py.dir/rosidl_generator_py/turtlesim/msg/_color_s.c.o[0m
[1.833s] [ 87%] [32mBuilding C object CMakeFiles/turtlesim__rosidl_generator_py.dir/rosidl_generator_py/turtlesim/msg/_pose_s.c.o[0m
[1.833s] [ 88%] [32mBuilding C object CMakeFiles/turtlesim__rosidl_generator_py.dir/rosidl_generator_py/turtlesim/srv/_kill_s.c.o[0m
[1.847s] [ 89%] [32mBuilding C object CMakeFiles/turtlesim__rosidl_generator_py.dir/rosidl_generator_py/turtlesim/srv/_spawn_s.c.o[0m
[1.847s] [ 90%] [32mBuilding C object CMakeFiles/turtlesim__rosidl_generator_py.dir/rosidl_generator_py/turtlesim/srv/_set_pen_s.c.o[0m
[1.855s] [ 91%] [32mBuilding C object CMakeFiles/turtlesim__rosidl_generator_py.dir/rosidl_generator_py/turtlesim/srv/_teleport_relative_s.c.o[0m
[1.855s] [ 92%] [32mBuilding C object CMakeFiles/turtlesim__rosidl_generator_py.dir/rosidl_generator_py/turtlesim/srv/_teleport_absolute_s.c.o[0m
[2.001s] [01m[K/home/umut_ubuntu/ros2_ws/build/turtlesim/rosidl_generator_py/turtlesim/action/_rotate_absolute_s.c:11:10:[m[K [01;31m[Kfatal error: [m[Knumpy/ndarrayobject.h: B√∂yle bir dosya ya da dizin yok
[2.001s]    11 | #include [01;31m[K"numpy/ndarrayobject.h"[m[K
[2.002s]       |          [01;31m[K^~~~~~~~~~~~~~~~~~~~~~~[m[K
[2.002s] compilation terminated.
[2.002s] gmake[2]: *** [CMakeFiles/turtlesim__rosidl_generator_py.dir/build.make:76: CMakeFiles/turtlesim__rosidl_generator_py.dir/rosidl_generator_py/turtlesim/action/_rotate_absolute_s.c.o] Error 1
[2.002s] gmake[2]: *** Bitmemi≈ü i≈üler i√ßin bekliyor....
[2.022s] [01m[K/home/umut_ubuntu/ros2_ws/build/turtlesim/rosidl_generator_py/turtlesim/msg/_color_s.c:11:10:[m[K [01;31m[Kfatal error: [m[Knumpy/ndarrayobject.h: B√∂yle bir dosya ya da dizin yok
[2.023s]    11 | #include [01;31m[K"numpy/ndarrayobject.h"[m[K
[2.023s]       |          [01;31m[K^~~~~~~~~~~~~~~~~~~~~~~[m[K
[2.023s] compilation terminated.
[2.023s] [01m[K/home/umut_ubuntu/ros2_ws/build/turtlesim/rosidl_generator_py/turtlesim/msg/_pose_s.c:11:10:[m[K [01;31m[Kfatal error: [m[Knumpy/ndarrayobject.h: B√∂yle bir dosya ya da dizin yok
[2.023s]    11 | #include [01;31m[K"numpy/ndarrayobject.h"[m[K
[2.023s]       |          [01;31m[K^~~~~~~~~~~~~~~~~~~~~~~[m[K
[2.024s] compilation terminated.
[2.024s] gmake[2]: *** [CMakeFiles/turtlesim__rosidl_generator_py.dir/build.make:90: CMakeFiles/turtlesim__rosidl_generator_py.dir/rosidl_generator_py/turtlesim/msg/_color_s.c.o] Error 1
[2.024s] [01m[K/home/umut_ubuntu/ros2_ws/build/turtlesim/rosidl_generator_py/turtlesim/srv/_kill_s.c:11:10:[m[K [01;31m[Kfatal error: [m[Knumpy/ndarrayobject.h: B√∂yle bir dosya ya da dizin yok
[2.024s]    11 | #include [01;31m[K"numpy/ndarrayobject.h"[m[K
[2.024s]       |          [01;31m[K^~~~~~~~~~~~~~~~~~~~~~~[m[K
[2.024s] compilation terminated.
[2.024s] [01m[K/home/umut_ubuntu/ros2_ws/build/turtlesim/rosidl_generator_py/turtlesim/srv/_spawn_s.c:11:10:[m[K [01;31m[Kfatal error: [m[Knumpy/ndarrayobject.h: B√∂yle bir dosya ya da dizin yok
[2.024s]    11 | #include [01;31m[K"numpy/ndarrayobject.h"[m[K
[2.025s]       |          [01;31m[K^~~~~~~~~~~~~~~~~~~~~~~[m[K
[2.025s] compilation terminated.
[2.033s] gmake[2]: *** [CMakeFiles/turtlesim__rosidl_generator_py.dir/build.make:118: CMakeFiles/turtlesim__rosidl_generator_py.dir/rosidl_generator_py/turtlesim/srv/_kill_s.c.o] Error 1
[2.033s] gmake[2]: *** [CMakeFiles/turtlesim__rosidl_generator_py.dir/build.make:146: CMakeFiles/turtlesim__rosidl_generator_py.dir/rosidl_generator_py/turtlesim/srv/_spawn_s.c.o] Error 1
[2.042s] gmake[2]: *** [CMakeFiles/turtlesim__rosidl_generator_py.dir/build.make:104: CMakeFiles/turtlesim__rosidl_generator_py.dir/rosidl_generator_py/turtlesim/msg/_pose_s.c.o] Error 1
[2.103s] [01m[K/home/umut_ubuntu/ros2_ws/build/turtlesim/rosidl_generator_py/turtlesim/srv/_set_pen_s.c:11:10:[m[K [01;31m[Kfatal error: [m[Knumpy/ndarrayobject.h: B√∂yle bir dosya ya da dizin yok
[2.103s]    11 | #include [01;31m[K"numpy/ndarrayobject.h"[m[K
[2.103s]       |          [01;31m[K^~~~~~~~~~~~~~~~~~~~~~~[m[K
[2.104s] compilation terminated.
[2.110s] gmake[2]: *** [CMakeFiles/turtlesim__rosidl_generator_py.dir/build.make:132: CMakeFiles/turtlesim__rosidl_generator_py.dir/rosidl_generator_py/turtlesim/srv/_set_pen_s.c.o] Error 1
[2.117s] [01m[K/home/umut_ubuntu/ros2_ws/build/turtlesim/rosidl_generator_py/turtlesim/srv/_teleport_relative_s.c:11:10:[m[K [01;31m[Kfatal error: [m[Knumpy/ndarrayobject.h: B√∂yle bir dosya ya da dizin yok
[2.118s]    11 | #include [01;31m[K"numpy/ndarrayobject.h"[m[K
[2.118s]       |          [01;31m[K^~~~~~~~~~~~~~~~~~~~~~~[m[K
[2.118s] compilation terminated.
[2.122s] [01m[K/home/umut_ubuntu/ros2_ws/build/turtlesim/rosidl_generator_py/turtlesim/srv/_teleport_absolute_s.c:11:10:[m[K [01;31m[Kfatal error: [m[Knumpy/ndarrayobject.h: B√∂yle bir dosya ya da dizin yok
[2.122s]    11 | #include [01;31m[K"numpy/ndarrayobject.h"[m[K
[2.122s]       |          [01;31m[K^~~~~~~~~~~~~~~~~~~~~~~[m[K
[2.122s] gmake[2]: *** [CMakeFiles/turtlesim__rosidl_generator_py.dir/build.make:174: CMakeFiles/turtlesim__rosidl_generator_py.dir/rosidl_generator_py/turtlesim/srv/_teleport_relative_s.c.o] Error 1
[2.122s] compilation terminated.
[2.126s] gmake[2]: *** [CMakeFiles/turtlesim__rosidl_generator_py.dir/build.make:160: CMakeFiles/turtlesim__rosidl_generator_py.dir/rosidl_generator_py/turtlesim/srv/_teleport_absolute_s.c.o] Error 1
[2.127s] gmake[1]: *** [CMakeFiles/Makefile2:483: CMakeFiles/turtlesim__rosidl_generator_py.dir/all] Error 2
[2.127s] gmake[1]: *** Bitmemi≈ü i≈üler i√ßin bekliyor....
[2.166s] running egg_info
[2.167s] writing turtlesim.egg-info/PKG-INFO
[2.167s] writing dependency_links to turtlesim.egg-info/dependency_links.txt
[2.167s] writing top-level names to turtlesim.egg-info/top_level.txt
[2.171s] reading manifest file 'turtlesim.egg-info/SOURCES.txt'
[2.172s] writing manifest file 'turtlesim.egg-info/SOURCES.txt'
[2.238s] [ 92%] Built target ament_cmake_python_build_turtlesim_egg
[2.242s] gmake: *** [Makefile:146: all] Error 2
[2.392s] Invoked command in '/home/umut_ubuntu/ros2_ws/build/turtlesim' returned '2': CMAKE_PREFIX_PATH=/opt/ros/humble /usr/bin/cmake --build /home/umut_ubuntu/ros2_ws/build/turtlesim -- -j12 -l12
